<?xml version="1.0" encoding="UTF-8"?>
<testng-results skipped="0" failed="0" ignored="0" total="2" passed="2">
  <reporter-output>
  </reporter-output>
  <suite name="Default suite" duration-ms="46" started-at="2017-12-11T09:31:08Z" finished-at="2017-12-11T09:31:08Z">
    <groups>
    </groups>
    <test name="Default test" duration-ms="46" started-at="2017-12-11T09:31:08Z" finished-at="2017-12-11T09:31:08Z">
      <class name="com.incture.proj.testNg.AnnotationTestNGImpl">
        <test-method status="PASS" signature="beforeMethod()[pri:0, instance:com.incture.proj.testNg.AnnotationTestNGImpl@62ee68d8]" name="beforeMethod" is-config="true" duration-ms="8" started-at="2017-12-11T15:01:08Z" finished-at="2017-12-11T15:01:08Z">
          <reporter-output>
          </reporter-output>
        </test-method> <!-- beforeMethod -->
        <test-method status="PASS" signature="test1()[pri:0, instance:com.incture.proj.testNg.AnnotationTestNGImpl@62ee68d8]" name="test1" duration-ms="9" started-at="2017-12-11T15:01:08Z" finished-at="2017-12-11T15:01:08Z">
          <reporter-output>
          </reporter-output>
        </test-method> <!-- test1 -->
        <test-method status="PASS" signature="afterMethod()[pri:0, instance:com.incture.proj.testNg.AnnotationTestNGImpl@62ee68d8]" name="afterMethod" is-config="true" duration-ms="0" started-at="2017-12-11T15:01:08Z" finished-at="2017-12-11T15:01:08Z">
          <reporter-output>
          </reporter-output>
        </test-method> <!-- afterMethod -->
        <test-method status="PASS" signature="beforeMethod()[pri:0, instance:com.incture.proj.testNg.AnnotationTestNGImpl@62ee68d8]" name="beforeMethod" is-config="true" duration-ms="0" started-at="2017-12-11T15:01:08Z" finished-at="2017-12-11T15:01:08Z">
          <reporter-output>
          </reporter-output>
        </test-method> <!-- beforeMethod -->
        <test-method status="PASS" signature="test2()[pri:0, instance:com.incture.proj.testNg.AnnotationTestNGImpl@62ee68d8]" name="test2" duration-ms="2" started-at="2017-12-11T15:01:08Z" finished-at="2017-12-11T15:01:08Z">
          <reporter-output>
          </reporter-output>
        </test-method> <!-- test2 -->
        <test-method status="PASS" signature="afterMethod()[pri:0, instance:com.incture.proj.testNg.AnnotationTestNGImpl@62ee68d8]" name="afterMethod" is-config="true" duration-ms="0" started-at="2017-12-11T15:01:08Z" finished-at="2017-12-11T15:01:08Z">
          <reporter-output>
          </reporter-output>
        </test-method> <!-- afterMethod -->
      </class> <!-- com.incture.proj.testNg.AnnotationTestNGImpl -->
    </test> <!-- Default test -->
  </suite> <!-- Default suite -->
</testng-results>
